[15:13:13] [main/DEBUG] [FML/]: Injecting tracing printstreams for STDOUT/STDERR.
[15:13:13] [main/INFO] [FML/]: Forge Mod Loader version 7.99.16.1448 for Minecraft 1.7.10 loading
[15:13:13] [main/INFO] [FML/]: Java is Java HotSpot(TM) 64-Bit Server VM, version 1.7.0_80, running on Linux:amd64:3.16.0-0.bpo.4-amd64, installed at /usr/lib/jvm/java-7-oracle/jre
[15:13:13] [main/DEBUG] [FML/]: Java classpath at launch is forge-1.7.10-10.13.4.1448-1.7.10-universal.jar
[15:13:13] [main/DEBUG] [FML/]: Java library path at launch is /usr/java/packages/lib/amd64:/usr/lib64:/lib64:/lib:/usr/lib
[15:13:13] [main/DEBUG] [FML/]: Enabling runtime deobfuscation
[15:13:13] [main/DEBUG] [FML/]: Instantiating coremod class FMLCorePlugin
[15:13:13] [main/DEBUG] [FML/]: Added access transformer class cpw.mods.fml.common.asm.transformers.AccessTransformer to enqueued access transformers
[15:13:13] [main/DEBUG] [FML/]: Enqueued coremod FMLCorePlugin
[15:13:13] [main/DEBUG] [FML/]: Instantiating coremod class FMLForgePlugin
[15:13:13] [main/DEBUG] [FML/]: Added access transformer class net.minecraftforge.transformers.ForgeAccessTransformer to enqueued access transformers
[15:13:13] [main/DEBUG] [FML/]: Enqueued coremod FMLForgePlugin
[15:13:13] [main/DEBUG] [FML/]: All fundamental core mods are successfully located
[15:13:13] [main/DEBUG] [FML/]: Attempting to load commandline specified mods, relative to /home/adam_braimbridge_com/minecraft/.
[15:13:13] [main/DEBUG] [FML/]: Discovering coremods
[15:13:13] [main/DEBUG] [FML/]: Examining for coremod candidacy [1.7.10]bspkrsCore-universal-6.16.jar
[15:13:13] [main/DEBUG] [FML/]: Not found coremod data in [1.7.10]bspkrsCore-universal-6.16.jar
[15:13:13] [main/DEBUG] [FML/]: Examining for coremod candidacy [1.7.10]Treecapitator-universal-2.0.4.jar
[15:13:13] [main/DEBUG] [FML/]: Not found coremod data in [1.7.10]Treecapitator-universal-2.0.4.jar
[15:13:13] [main/DEBUG] [FML/]: Examining for coremod candidacy AE2STUFF-0.4.0.38-MC1.7.10.jar
[15:13:13] [main/DEBUG] [FML/]: Not found coremod data in AE2STUFF-0.4.0.38-MC1.7.10.jar
[15:13:13] [main/DEBUG] [FML/]: Examining for coremod candidacy ANCIENTWARFARE-2.4.104-BETA-MC1.7.10-FULL.jar
[15:13:13] [main/DEBUG] [FML/]: Not found coremod data in ANCIENTWARFARE-2.4.104-BETA-MC1.7.10-FULL.jar
[15:13:13] [main/DEBUG] [FML/]: Examining for coremod candidacy AOBD-2.6.3.jar
[15:13:13] [main/DEBUG] [FML/]: Not found coremod data in AOBD-2.6.3.jar
[15:13:13] [main/DEBUG] [FML/]: Examining for coremod candidacy APPLECORE-MC1.7.10-1.1.0.jar
[15:13:13] [main/TRACE] [FML/]: Found FMLCorePluginContainsFMLMod marker in APPLECORE-MC1.7.10-1.1.0.jar, it will be examined later for regular @Mod instances
[15:13:13] [main/DEBUG] [FML/]: Instantiating coremod class AppleCore
[15:13:14] [main/DEBUG] [FML/]: The coremod squeek.applecore.AppleCore requested minecraft version 1.7.10 and minecraft is 1.7.10. It will be loaded.
[15:13:14] [main/DEBUG] [FML/]: Enqueued coremod AppleCore
[15:13:14] [main/DEBUG] [FML/]: Examining for coremod candidacy APPLIEDENERGISTICS2-RV2-STABLE-8.jar
[15:13:14] [main/TRACE] [FML/]: Found FMLCorePluginContainsFMLMod marker in APPLIEDENERGISTICS2-RV2-STABLE-8.jar, it will be examined later for regular @Mod instances
[15:13:14] [main/DEBUG] [FML/]: Instantiating coremod class AppEngCore
[15:13:14] [main/DEBUG] [FML/]: The coremod appeng.transformer.AppEngCore requested minecraft version 1.7.10 and minecraft is 1.7.10. It will be loaded.
[15:13:14] [main/INFO] [FML/]: [AppEng] Core Init
[15:13:14] [main/DEBUG] [FML/]: Added access transformer class appeng.transformer.asm.ASMTweaker to enqueued access transformers
[15:13:14] [main/DEBUG] [FML/]: Enqueued coremod AppEngCore
[15:13:14] [main/DEBUG] [FML/]: Examining for coremod candidacy ASIELIB-1.7.10-0.4.1.jar
[15:13:14] [main/DEBUG] [FML/]: Not found coremod data in ASIELIB-1.7.10-0.4.1.jar
[15:13:14] [main/DEBUG] [FML/]: Examining for coremod candidacy ASIETWEAKS-1.7.10-0.0.2.jar
[15:13:14] [main/DEBUG] [FML/]: Not found coremod data in ASIETWEAKS-1.7.10-0.0.2.jar
[15:13:14] [main/DEBUG] [FML/]: Examining for coremod candidacy BACKPACK-2.0.1-1.7.X.jar
[15:13:14] [main/DEBUG] [FML/]: Not found coremod data in BACKPACK-2.0.1-1.7.X.jar
[15:13:14] [main/DEBUG] [FML/]: Examining for coremod candidacy Baubles-1.7.10-1.0.1.10.jar
[15:13:14] [main/DEBUG] [FML/]: Not found coremod data in Baubles-1.7.10-1.0.1.10.jar
[15:13:14] [main/DEBUG] [FML/]: Examining for coremod candidacy BDLIB-1.8.2.92-MC1.7.10.jar
[15:13:14] [main/DEBUG] [FML/]: Not found coremod data in BDLIB-1.8.2.92-MC1.7.10.jar
[15:13:14] [main/DEBUG] [FML/]: Examining for coremod candidacy BIGTREES-172B-FORGE1060.jar
[15:13:14] [main/DEBUG] [FML/]: Not found coremod data in BIGTREES-172B-FORGE1060.jar
[15:13:14] [main/DEBUG] [FML/]: Examining for coremod candidacy BIOMESOPLENTY-1.7.10-2.1.0.1237-UNIVERSAL.jar
[15:13:14] [main/DEBUG] [FML/]: Not found coremod data in BIOMESOPLENTY-1.7.10-2.1.0.1237-UNIVERSAL.jar
[15:13:14] [main/DEBUG] [FML/]: Examining for coremod candidacy BUILDCRAFT-7.0.12.jar
[15:13:14] [main/DEBUG] [FML/]: Not found coremod data in BUILDCRAFT-7.0.12.jar
[15:13:14] [main/DEBUG] [FML/]: Examining for coremod candidacy BUILDCRAFT-COMPAT-7.0.8.jar
[15:13:14] [main/DEBUG] [FML/]: Not found coremod data in BUILDCRAFT-COMPAT-7.0.8.jar
[15:13:14] [main/DEBUG] [FML/]: Examining for coremod candidacy BUILDCRAFTADDITIONS-1.7.10-2.1.4.jar
[15:13:14] [main/DEBUG] [FML/]: Not found coremod data in BUILDCRAFTADDITIONS-1.7.10-2.1.4.jar
[15:13:14] [main/DEBUG] [FML/]: Examining for coremod candidacy CARPENTERS BLOCKS V3.3.6 - MC 1.7.10.jar
[15:13:14] [main/DEBUG] [FML/]: Not found coremod data in CARPENTERS BLOCKS V3.3.6 - MC 1.7.10.jar
[15:13:14] [main/DEBUG] [FML/]: Examining for coremod candidacy CHICKENCHUNKS-1.7.10-1.3.4.19-UNIVERSAL.jar
[15:13:14] [main/DEBUG] [FML/]: Not found coremod data in CHICKENCHUNKS-1.7.10-1.3.4.19-UNIVERSAL.jar
[15:13:14] [main/DEBUG] [FML/]: Examining for coremod candidacy CODECHICKENCORE-1.7.10-1.0.7.46-UNIVERSAL.jar
[15:13:14] [main/TRACE] [FML/]: Adding CODECHICKENCORE-1.7.10-1.0.7.46-UNIVERSAL.jar to the list of known coremods, it will not be examined again
[15:13:14] [main/DEBUG] [FML/]: Instantiating coremod class CodeChickenCorePlugin
[15:13:14] [main/WARN] [FML/]: The coremod codechicken.core.launch.CodeChickenCorePlugin does not have a MCVersion annotation, it may cause issues with this version of Minecraft
[15:13:14] [main/INFO] [STDERR/]: [codechicken.core.launch.DepLoader$DepLoadInst:checkExisting:436]: Warning: version of bspkrsCore, 6.16 is newer than request 6.15
[15:13:14] [main/DEBUG] [FML/]: Added access transformer class codechicken.core.asm.CodeChickenAccessTransformer to enqueued access transformers
[15:13:14] [main/DEBUG] [FML/]: Enqueued coremod CodeChickenCorePlugin
[15:13:14] [main/DEBUG] [FML/]: Examining for coremod candidacy CodeChickenLib-1.7.10-1.1.3.138-universal.jar
[15:13:14] [main/DEBUG] [FML/]: Not found coremod data in CodeChickenLib-1.7.10-1.1.3.138-universal.jar
[15:13:14] [main/DEBUG] [FML/]: Examining for coremod candidacy COFHCORE-[1.7.10]3.0.2-262.jar
[15:13:14] [main/TRACE] [FML/]: Found FMLCorePluginContainsFMLMod marker in COFHCORE-[1.7.10]3.0.2-262.jar, it will be examined later for regular @Mod instances
[15:13:14] [main/DEBUG] [FML/]: Instantiating coremod class LoadingPlugin
[15:13:14] [main/WARN] [FML/]: The coremod cofh.asm.LoadingPlugin does not have a MCVersion annotation, it may cause issues with this version of Minecraft
[15:13:14] [main/DEBUG] [FML/]: Added access transformer class cofh.asm.CoFHAccessTransformer to enqueued access transformers
[15:13:14] [main/DEBUG] [FML/]: Enqueued coremod LoadingPlugin
[15:13:14] [main/DEBUG] [FML/]: Examining for coremod candidacy COFHLIB-[1.7.10]1.0.2-160.jar
[15:13:14] [main/DEBUG] [FML/]: Not found coremod data in COFHLIB-[1.7.10]1.0.2-160.jar
[15:13:14] [main/DEBUG] [FML/]: Examining for coremod candidacy commons-codec-1.9.jar
[15:13:14] [main/DEBUG] [FML/]: Not found coremod data in commons-codec-1.9.jar
[15:13:14] [main/DEBUG] [FML/]: Examining for coremod candidacy commons-compress-1.8.1.jar
[15:13:14] [main/DEBUG] [FML/]: Not found coremod data in commons-compress-1.8.1.jar
[15:13:14] [main/DEBUG] [FML/]: Examining for coremod candidacy COMPUTERCRAFT1.73.jar
[15:13:14] [main/DEBUG] [FML/]: Not found coremod data in COMPUTERCRAFT1.73.jar
[15:13:14] [main/DEBUG] [FML/]: Examining for coremod candidacy COSMETICARMOR-1.7.10-1.0.5.B8-UNIVERSAL.jar
[15:13:14] [main/TRACE] [FML/]: Found FMLCorePluginContainsFMLMod marker in COSMETICARMOR-1.7.10-1.0.5.B8-UNIVERSAL.jar, it will be examined later for regular @Mod instances
[15:13:14] [main/DEBUG] [FML/]: Instantiating coremod class RemoteIOCorePlugin
[15:13:14] [main/ERROR] [FML/]: Coremod RemoteIOCorePlugin: Unable to class load the plugin dmillerw.remoteio.asm.RemoteIOCorePlugin
java.lang.ClassNotFoundException: dmillerw.remoteio.asm.RemoteIOCorePlugin
	at java.net.URLClassLoader$1.run(URLClassLoader.java:366) ~[?:1.7.0_80]
	at java.net.URLClassLoader$1.run(URLClassLoader.java:355) ~[?:1.7.0_80]
	at java.security.AccessController.doPrivileged(Native Method) ~[?:1.7.0_80]
	at java.net.URLClassLoader.findClass(URLClassLoader.java:354) ~[?:1.7.0_80]
	at net.minecraft.launchwrapper.LaunchClassLoader.findClass(LaunchClassLoader.java:117) ~[launchwrapper-1.11.jar:?]
	at java.lang.ClassLoader.loadClass(ClassLoader.java:425) ~[?:1.7.0_80]
	at java.lang.ClassLoader.loadClass(ClassLoader.java:358) ~[?:1.7.0_80]
	at java.lang.Class.forName0(Native Method) ~[?:1.7.0_80]
	at java.lang.Class.forName(Class.java:278) ~[?:1.7.0_80]
	at cpw.mods.fml.relauncher.CoreModManager.loadCoreMod(CoreModManager.java:417) [forge-1.7.10-10.13.4.1448-1.7.10-universal.jar:?]
	at cpw.mods.fml.relauncher.CoreModManager.discoverCoreMods(CoreModManager.java:346) [forge-1.7.10-10.13.4.1448-1.7.10-universal.jar:?]
	at cpw.mods.fml.relauncher.CoreModManager.handleLaunch(CoreModManager.java:214) [forge-1.7.10-10.13.4.1448-1.7.10-universal.jar:?]
	at cpw.mods.fml.relauncher.FMLLaunchHandler.setupHome(FMLLaunchHandler.java:90) [forge-1.7.10-10.13.4.1448-1.7.10-universal.jar:?]
	at cpw.mods.fml.relauncher.FMLLaunchHandler.setupServer(FMLLaunchHandler.java:74) [forge-1.7.10-10.13.4.1448-1.7.10-universal.jar:?]
	at cpw.mods.fml.relauncher.FMLLaunchHandler.configureForServerLaunch(FMLLaunchHandler.java:39) [forge-1.7.10-10.13.4.1448-1.7.10-universal.jar:?]
	at cpw.mods.fml.common.launcher.FMLServerTweaker.injectIntoClassLoader(FMLServerTweaker.java:23) [forge-1.7.10-10.13.4.1448-1.7.10-universal.jar:?]
	at net.minecraft.launchwrapper.Launch.launch(Launch.java:115) [launchwrapper-1.11.jar:?]
	at net.minecraft.launchwrapper.Launch.main(Launch.java:28) [launchwrapper-1.11.jar:?]
	at sun.reflect.NativeMethodAccessorImpl.invoke0(Native Method) ~[?:1.7.0_80]
	at sun.reflect.NativeMethodAccessorImpl.invoke(NativeMethodAccessorImpl.java:57) ~[?:1.7.0_80]
	at sun.reflect.DelegatingMethodAccessorImpl.invoke(DelegatingMethodAccessorImpl.java:43) ~[?:1.7.0_80]
	at java.lang.reflect.Method.invoke(Method.java:606) ~[?:1.7.0_80]
	at cpw.mods.fml.relauncher.ServerLaunchWrapper.run(ServerLaunchWrapper.java:43) [forge-1.7.10-10.13.4.1448-1.7.10-universal.jar:?]
	at cpw.mods.fml.relauncher.ServerLaunchWrapper.main(ServerLaunchWrapper.java:12) [forge-1.7.10-10.13.4.1448-1.7.10-universal.jar:?]
[15:13:14] [main/DEBUG] [FML/]: Examining for coremod candidacy DENSEORES-1.6.2.jar
[15:13:14] [main/DEBUG] [FML/]: Not found coremod data in DENSEORES-1.6.2.jar
[15:13:14] [main/DEBUG] [FML/]: Examining for coremod candidacy ENCHIRIDION 2-1.7.10-2.0.2A.jar
[15:13:14] [main/DEBUG] [FML/]: Not found coremod data in ENCHIRIDION 2-1.7.10-2.0.2A.jar
[15:13:14] [main/DEBUG] [FML/]: Examining for coremod candidacy ENDERCOMPASS-1.7.10-1.1.jar
[15:13:14] [main/DEBUG] [FML/]: Not found coremod data in ENDERCOMPASS-1.7.10-1.1.jar
[15:13:14] [main/DEBUG] [FML/]: Examining for coremod candidacy ENDERIO-1.7.10-2.2.8.381.jar
[15:13:14] [main/DEBUG] [FML/]: Not found coremod data in ENDERIO-1.7.10-2.2.8.381.jar
[15:13:14] [main/DEBUG] [FML/]: Examining for coremod candidacy ENDERSTORAGE-1.7.10-1.4.7.36-UNIVERSAL.jar
[15:13:14] [main/DEBUG] [FML/]: Not found coremod data in ENDERSTORAGE-1.7.10-1.4.7.36-UNIVERSAL.jar
[15:13:14] [main/DEBUG] [FML/]: Examining for coremod candidacy ENDERZOO-1.7.10-1.0.11.28.jar
[15:13:14] [main/DEBUG] [FML/]: Not found coremod data in ENDERZOO-1.7.10-1.0.11.28.jar
[15:13:14] [main/DEBUG] [FML/]: Examining for coremod candidacy ENHANCEDPORTALS_1.7.10-UNIVERSAL-3.0.12.jar
[15:13:14] [main/DEBUG] [FML/]: Not found coremod data in ENHANCEDPORTALS_1.7.10-UNIVERSAL-3.0.12.jar
[15:13:14] [main/DEBUG] [FML/]: Examining for coremod candidacy EUREKA-1.7.10-3.0.2.jar
[15:13:14] [main/DEBUG] [FML/]: Not found coremod data in EUREKA-1.7.10-3.0.2.jar
[15:13:14] [main/DEBUG] [FML/]: Examining for coremod candidacy EXTRACELLS-1.7.10-2.2.70B119.jar
[15:13:14] [main/DEBUG] [FML/]: Not found coremod data in EXTRACELLS-1.7.10-2.2.70B119.jar
[15:13:14] [main/DEBUG] [FML/]: Examining for coremod candidacy FASTCRAFT-1.21.jar
[15:13:14] [main/TRACE] [FML/]: Found FMLCorePluginContainsFMLMod marker in FASTCRAFT-1.21.jar, it will be examined later for regular @Mod instances
[15:13:14] [main/DEBUG] [FML/]: Instantiating coremod class LoadingPlugin
[15:13:15] [main/WARN] [FML/]: The coremod fastcraft.LoadingPlugin does not have a MCVersion annotation, it may cause issues with this version of Minecraft
[15:13:15] [main/DEBUG] [FastCraft-core/]: FastCraft loading...
[15:13:15] [main/DEBUG] [FML/]: Enqueued coremod LoadingPlugin
[15:13:15] [main/DEBUG] [FML/]: Examining for coremod candidacy FLOODLIGHTS-1.7.10-0.4.3-62.jar
[15:13:15] [main/DEBUG] [FML/]: Not found coremod data in FLOODLIGHTS-1.7.10-0.4.3-62.jar
[15:13:15] [main/DEBUG] [FML/]: Examining for coremod candidacy FORESTRY_1.7.10-3.5.7.16.jar
[15:13:15] [main/DEBUG] [FML/]: Not found coremod data in FORESTRY_1.7.10-3.5.7.16.jar
[15:13:15] [main/DEBUG] [FML/]: Examining for coremod candidacy ForgeMultipart-1.7.10-1.2.0.344-universal.jar
[15:13:15] [main/TRACE] [FML/]: Found FMLCorePluginContainsFMLMod marker in ForgeMultipart-1.7.10-1.2.0.344-universal.jar, it will be examined later for regular @Mod instances
[15:13:15] [main/DEBUG] [FML/]: Instantiating coremod class DepLoader
[15:13:15] [main/WARN] [FML/]: The coremod codechicken.core.launch.DepLoader does not have a MCVersion annotation, it may cause issues with this version of Minecraft
[15:13:15] [main/DEBUG] [FML/]: Enqueued coremod DepLoader
[15:13:15] [main/DEBUG] [FML/]: Examining for coremod candidacy GUIDE-API-1.7.10-1.0.1-20.jar
[15:13:15] [main/DEBUG] [FML/]: Not found coremod data in GUIDE-API-1.7.10-1.0.1-20.jar
[15:13:15] [main/DEBUG] [FML/]: Examining for coremod candidacy INDUSTRIALCRAFT-2-2.2.736-EXPERIMENTAL-API.jar
[15:13:15] [main/DEBUG] [FML/]: Not found coremod data in INDUSTRIALCRAFT-2-2.2.736-EXPERIMENTAL-API.jar
[15:13:15] [main/DEBUG] [FML/]: Examining for coremod candidacy INPURECORE-[1.7.10]1.0.0B9-62.jar
[15:13:15] [main/TRACE] [FML/]: Found FMLCorePluginContainsFMLMod marker in INPURECORE-[1.7.10]1.0.0B9-62.jar, it will be examined later for regular @Mod instances
[15:13:15] [main/DEBUG] [FML/]: Instantiating coremod class INpurePreLoader
[15:13:15] [main/TRACE] [FML/]: coremod named INpurePreLoader is loading
[15:13:15] [main/DEBUG] [FML/]: The coremod info.inpureprojects.core.Preloader.INpurePreLoader requested minecraft version 1.7.10 and minecraft is 1.7.10. It will be loaded.
[15:13:15] [main/DEBUG] [FML/]: Enqueued coremod INpurePreLoader
[15:13:15] [main/DEBUG] [FML/]: Examining for coremod candidacy IRIDIUM MOD-1.0.2.jar
[15:13:15] [main/DEBUG] [FML/]: Not found coremod data in IRIDIUM MOD-1.0.2.jar
[15:13:15] [main/DEBUG] [FML/]: Examining for coremod candidacy IRONCHEST-1.7.10-6.0.62.742-UNIVERSAL.jar
[15:13:15] [main/DEBUG] [FML/]: Not found coremod data in IRONCHEST-1.7.10-6.0.62.742-UNIVERSAL.jar
[15:13:15] [main/DEBUG] [FML/]: Examining for coremod candidacy IVTOOLKIT-1.2.jar
[15:13:15] [main/TRACE] [FML/]: Adding IVTOOLKIT-1.2.jar to the list of known coremods, it will not be examined again
[15:13:15] [main/DEBUG] [FML/]: Instantiating coremod class IvToolkitLoadingPlugin
[15:13:15] [main/TRACE] [FML/]: coremod named 1.2 is loading
[15:13:15] [main/WARN] [FML/]: The coremod ivorius.ivtoolkit.IvToolkitLoadingPlugin does not have a MCVersion annotation, it may cause issues with this version of Minecraft
[15:13:15] [main/DEBUG] [FML/]: Enqueued coremod 1.2
[15:13:15] [main/DEBUG] [FML/]: Examining for coremod candidacy JABBA-1.2.1_1.7.10.jar
[15:13:15] [main/DEBUG] [FML/]: Not found coremod data in JABBA-1.2.1_1.7.10.jar
[15:13:15] [main/DEBUG] [FML/]: Examining for coremod candidacy JAVA7CHECKER  MC-1.7.10  V1.1.jar
[15:13:15] [main/TRACE] [FML/]: Adding JAVA7CHECKER  MC-1.7.10  V1.1.jar to the list of known coremods, it will not be examined again
[15:13:15] [main/DEBUG] [FML/]: Instantiating coremod class JavaCheckerCoremod
[15:13:15] [main/WARN] [FML/]: The coremod chylex.java7check.JavaCheckerCoremod does not have a MCVersion annotation, it may cause issues with this version of Minecraft
[15:13:15] [main/DEBUG] [FML/]: Enqueued coremod JavaCheckerCoremod
[15:13:15] [main/DEBUG] [FML/]: Examining for coremod candidacy LibSandstone-1.0.0.jar
[15:13:15] [main/DEBUG] [FML/]: Not found coremod data in LibSandstone-1.0.0.jar
[15:13:15] [main/DEBUG] [FML/]: Examining for coremod candidacy LOGISTICSPIPES-0.10.0.5.jar
[15:13:15] [main/TRACE] [FML/]: Found FMLCorePluginContainsFMLMod marker in LOGISTICSPIPES-0.10.0.5.jar, it will be examined later for regular @Mod instances
[15:13:15] [main/DEBUG] [FML/]: Instantiating coremod class LogisticsPipesCoreLoader
[15:13:15] [main/WARN] [FML/]: The coremod logisticspipes.asm.LogisticsPipesCoreLoader does not have a MCVersion annotation, it may cause issues with this version of Minecraft
[15:13:15] [main/DEBUG] [FML/]: Added access transformer class logisticspipes.asm.LogisticsAccessTransformer to enqueued access transformers
[15:13:15] [main/DEBUG] [FML/]: Enqueued coremod LogisticsPipesCoreLoader
[15:13:15] [main/DEBUG] [FML/]: Examining for coremod candidacy LUNATRIUSCORE-1.7.10-1.1.2.21-UNIVERSAL.jar
[15:13:15] [main/DEBUG] [FML/]: Not found coremod data in LUNATRIUSCORE-1.7.10-1.1.2.21-UNIVERSAL.jar
[15:13:15] [main/DEBUG] [FML/]: Examining for coremod candidacy MANTLE-1.7.10-0.3.2.jar
[15:13:15] [main/DEBUG] [FML/]: Not found coremod data in MANTLE-1.7.10-0.3.2.jar
[15:13:15] [main/DEBUG] [FML/]: Examining for coremod candidacy MEKANISM-1.7.10-8.1.5.240.jar
[15:13:15] [main/TRACE] [FML/]: Found FMLCorePluginContainsFMLMod marker in MEKANISM-1.7.10-8.1.5.240.jar, it will be examined later for regular @Mod instances
[15:13:15] [main/DEBUG] [FML/]: Instantiating coremod class LoadingHook
[15:13:15] [main/WARN] [FML/]: The coremod mekanism.common.asm.LoadingHook does not have a MCVersion annotation, it may cause issues with this version of Minecraft
[15:13:15] [main/DEBUG] [FML/]: Enqueued coremod LoadingHook
[15:13:15] [main/DEBUG] [FML/]: Examining for coremod candidacy MEKANISMGENERATORS-1.7.10-8.1.5.240.jar
[15:13:15] [main/DEBUG] [FML/]: Not found coremod data in MEKANISMGENERATORS-1.7.10-8.1.5.240.jar
[15:13:15] [main/DEBUG] [FML/]: Examining for coremod candidacy MEKANISMTOOLS-1.7.10-8.1.5.240.jar
[15:13:15] [main/DEBUG] [FML/]: Not found coremod data in MEKANISMTOOLS-1.7.10-8.1.5.240.jar
[15:13:15] [main/DEBUG] [FML/]: Examining for coremod candidacy MINEFACTORYRELOADED-[1.7.10]2.8.0-104.jar
[15:13:15] [main/DEBUG] [FML/]: Not found coremod data in MINEFACTORYRELOADED-[1.7.10]2.8.0-104.jar
[15:13:15] [main/DEBUG] [FML/]: Examining for coremod candidacy MINETWEAKER3-1.7.10-3.0.9C.jar
[15:13:15] [main/DEBUG] [FML/]: Not found coremod data in MINETWEAKER3-1.7.10-3.0.9C.jar
[15:13:15] [main/DEBUG] [FML/]: Examining for coremod candidacy MODTWEAKER 2-0.8.0.jar
[15:13:15] [main/DEBUG] [FML/]: Not found coremod data in MODTWEAKER 2-0.8.0.jar
[15:13:15] [main/DEBUG] [FML/]: Examining for coremod candidacy MrTJPCore-1.0.8.16-universal.jar
[15:13:15] [main/TRACE] [FML/]: Found FMLCorePluginContainsFMLMod marker in MrTJPCore-1.0.8.16-universal.jar, it will be examined later for regular @Mod instances
[15:13:15] [main/DEBUG] [FML/]: Instantiating coremod class CorePlugin
[15:13:15] [main/WARN] [FML/]: The coremod mrtjp.core.handler.CorePlugin does not have a MCVersion annotation, it may cause issues with this version of Minecraft
[15:13:15] [main/DEBUG] [FML/]: Enqueued coremod CorePlugin
[15:13:15] [main/DEBUG] [FML/]: Examining for coremod candidacy NATURA-1.7.10-2.2.0.1.jar
[15:13:15] [main/DEBUG] [FML/]: Not found coremod data in NATURA-1.7.10-2.2.0.1.jar
[15:13:15] [main/DEBUG] [FML/]: Examining for coremod candidacy NEIADDONS-1.12.10.33-MC1.7.10.jar
[15:13:15] [main/DEBUG] [FML/]: Not found coremod data in NEIADDONS-1.12.10.33-MC1.7.10.jar
[15:13:15] [main/DEBUG] [FML/]: Examining for coremod candidacy NEIINTEGRATION-MC1.7.10-1.0.9.jar
[15:13:15] [main/DEBUG] [FML/]: Not found coremod data in NEIINTEGRATION-MC1.7.10-1.0.9.jar
[15:13:15] [main/DEBUG] [FML/]: Examining for coremod candidacy NETHERORES-[1.7.10]2.3.0-12.jar
[15:13:15] [main/DEBUG] [FML/]: Not found coremod data in NETHERORES-[1.7.10]2.3.0-12.jar
[15:13:15] [main/DEBUG] [FML/]: Examining for coremod candidacy NOTENOUGHITEMS-1.7.10-1.0.5.111-UNIVERSAL.jar
[15:13:15] [main/TRACE] [FML/]: Adding NOTENOUGHITEMS-1.7.10-1.0.5.111-UNIVERSAL.jar to the list of known coremods, it will not be examined again
[15:13:15] [main/DEBUG] [FML/]: Instantiating coremod class NEICorePlugin
[15:13:15] [main/WARN] [FML/]: The coremod codechicken.nei.asm.NEICorePlugin does not have a MCVersion annotation, it may cause issues with this version of Minecraft
[15:13:15] [main/DEBUG] [FML/]: Enqueued coremod NEICorePlugin
[15:13:15] [main/DEBUG] [FML/]: Examining for coremod candidacy OPENBLOCKS-1.7.10-1.4.3.jar
[15:13:15] [main/TRACE] [FML/]: Found FMLCorePluginContainsFMLMod marker in OPENBLOCKS-1.7.10-1.4.3.jar, it will be examined later for regular @Mod instances
[15:13:15] [main/DEBUG] [FML/]: Instantiating coremod class OpenBlocksCorePlugin
[15:13:15] [main/WARN] [FML/]: The coremod openblocks.OpenBlocksCorePlugin does not have a MCVersion annotation, it may cause issues with this version of Minecraft
[15:13:15] [main/DEBUG] [FML/]: Enqueued coremod OpenBlocksCorePlugin
[15:13:15] [main/DEBUG] [FML/]: Examining for coremod candidacy OPENEYE-0.6-1.7.10-SNAPSHOT-141.jar
[15:13:15] [main/TRACE] [FML/]: Adding OPENEYE-0.6-1.7.10-SNAPSHOT-141.jar to the list of known coremods, it will not be examined again
[15:13:15] [main/DEBUG] [FML/]: Instantiating coremod class CorePlugin
[15:13:15] [main/TRACE] [FML/]: coremod named OpenEyePlugin is loading
[15:13:15] [main/WARN] [FML/]: The coremod openeye.CorePlugin does not have a MCVersion annotation, it may cause issues with this version of Minecraft
[15:13:15] [main/DEBUG] [FML/]: Enqueued coremod OpenEyePlugin
[15:13:15] [main/DEBUG] [FML/]: Examining for coremod candidacy OPENMODSLIB-1.7.10-0.7.3.jar
[15:13:15] [main/TRACE] [FML/]: Found FMLCorePluginContainsFMLMod marker in OPENMODSLIB-1.7.10-0.7.3.jar, it will be examined later for regular @Mod instances
[15:13:15] [main/DEBUG] [FML/]: Instantiating coremod class OpenModsCorePlugin
[15:13:15] [main/WARN] [FML/]: The coremod openmods.core.OpenModsCorePlugin does not have a MCVersion annotation, it may cause issues with this version of Minecraft
[15:13:15] [main/DEBUG] [FML/]: Enqueued coremod OpenModsCorePlugin
[15:13:15] [main/DEBUG] [FML/]: Examining for coremod candidacy PROJECTRED-1.7.10-4.6.2.82-BASE.jar
[15:13:15] [main/TRACE] [FML/]: Found FMLCorePluginContainsFMLMod marker in PROJECTRED-1.7.10-4.6.2.82-BASE.jar, it will be examined later for regular @Mod instances
[15:13:15] [main/DEBUG] [FML/]: Instantiating coremod class DepLoader
[15:13:15] [main/WARN] [FML/]: The coremod codechicken.core.launch.DepLoader does not have a MCVersion annotation, it may cause issues with this version of Minecraft
[15:13:15] [main/DEBUG] [FML/]: Enqueued coremod DepLoader
[15:13:15] [main/DEBUG] [FML/]: Examining for coremod candidacy PROJECTRED-1.7.10-4.6.2.82-COMPAT.jar
[15:13:15] [main/DEBUG] [FML/]: Not found coremod data in PROJECTRED-1.7.10-4.6.2.82-COMPAT.jar
[15:13:15] [main/DEBUG] [FML/]: Examining for coremod candidacy PROJECTRED-1.7.10-4.6.2.82-INTEGRATION.jar
[15:13:15] [main/DEBUG] [FML/]: Not found coremod data in PROJECTRED-1.7.10-4.6.2.82-INTEGRATION.jar
[15:13:15] [main/DEBUG] [FML/]: Examining for coremod candidacy PROJECTRED-1.7.10-4.6.2.82-LIGHTING.jar
[15:13:15] [main/DEBUG] [FML/]: Not found coremod data in PROJECTRED-1.7.10-4.6.2.82-LIGHTING.jar
[15:13:15] [main/DEBUG] [FML/]: Examining for coremod candidacy PROJECTRED-1.7.10-4.6.2.82-MECHANICAL_BETA.jar
[15:13:15] [main/DEBUG] [FML/]: Not found coremod data in PROJECTRED-1.7.10-4.6.2.82-MECHANICAL_BETA.jar
[15:13:15] [main/DEBUG] [FML/]: Examining for coremod candidacy PROJECTRED-1.7.10-4.6.2.82-WORLD.jar
[15:13:15] [main/DEBUG] [FML/]: Not found coremod data in PROJECTRED-1.7.10-4.6.2.82-WORLD.jar
[15:13:15] [main/DEBUG] [FML/]: Examining for coremod candidacy RANDOMTHINGS-2.2.4.jar
[15:13:15] [main/TRACE] [FML/]: Found FMLCorePluginContainsFMLMod marker in RANDOMTHINGS-2.2.4.jar, it will be examined later for regular @Mod instances
[15:13:15] [main/DEBUG] [FML/]: Instantiating coremod class RTLoadingPlugin
[15:13:15] [main/WARN] [FML/]: The coremod lumien.randomthings.Transformer.RTLoadingPlugin does not have a MCVersion annotation, it may cause issues with this version of Minecraft
[15:13:15] [main/DEBUG] [FML/]: Enqueued coremod RTLoadingPlugin
[15:13:15] [main/DEBUG] [FML/]: Examining for coremod candidacy RECURRENTCOMPLEX-0.9.6.2.jar
[15:13:15] [main/DEBUG] [FML/]: Not found coremod data in RECURRENTCOMPLEX-0.9.6.2.jar
[15:13:15] [main/DEBUG] [FML/]: Examining for coremod candidacy STEVESCARTS2.0.0.B18.jar
[15:13:15] [main/DEBUG] [FML/]: Not found coremod data in STEVESCARTS2.0.0.B18.jar
[15:13:15] [main/DEBUG] [FML/]: Examining for coremod candidacy STEVESWORKSHOP-0.5.1.jar
[15:13:15] [main/DEBUG] [FML/]: Not found coremod data in STEVESWORKSHOP-0.5.1.jar
[15:13:15] [main/DEBUG] [FML/]: Examining for coremod candidacy THERMALEXPANSION-[1.7.10]4.0.1-182.jar
[15:13:15] [main/DEBUG] [FML/]: Not found coremod data in THERMALEXPANSION-[1.7.10]4.0.1-182.jar
[15:13:15] [main/DEBUG] [FML/]: Examining for coremod candidacy THERMALFOUNDATION-[1.7.10]1.0.0-81.jar
[15:13:15] [main/DEBUG] [FML/]: Not found coremod data in THERMALFOUNDATION-[1.7.10]1.0.0-81.jar
[15:13:15] [main/DEBUG] [FML/]: Examining for coremod candidacy TTCORE-MC1.7.10-0.1.1-77.jar
[15:13:15] [main/TRACE] [FML/]: Found FMLCorePluginContainsFMLMod marker in TTCORE-MC1.7.10-0.1.1-77.jar, it will be examined later for regular @Mod instances
[15:13:15] [main/DEBUG] [FML/]: Instantiating coremod class TTCorePlugin
[15:13:15] [main/DEBUG] [FML/]: The coremod tterrag.core.common.transform.TTCorePlugin requested minecraft version 1.7.10 and minecraft is 1.7.10. It will be loaded.
[15:13:15] [main/DEBUG] [FML/]: Enqueued coremod TTCorePlugin
[15:13:15] [main/DEBUG] [FML/]: Examining for coremod candidacy WAILA-1.5.10_1.7.10.jar
[15:13:15] [main/DEBUG] [FML/]: Not found coremod data in WAILA-1.5.10_1.7.10.jar
[15:13:15] [main/DEBUG] [FML/]: Examining for coremod candidacy WAILAHARVESTABILITY-MC1.7.X-1.1.2.jar
[15:13:15] [main/DEBUG] [FML/]: Not found coremod data in WAILAHARVESTABILITY-MC1.7.X-1.1.2.jar
[15:13:15] [main/DEBUG] [FML/]: Examining for coremod candidacy WAILAPLUGINS-MC1.7.10-0.0.1-15.jar
[15:13:15] [main/DEBUG] [FML/]: Not found coremod data in WAILAPLUGINS-MC1.7.10-0.0.1-15.jar
[15:13:15] [main/DEBUG] [FML/]: Examining for coremod candidacy WAWLA-1.3.0-1.7.10.jar
[15:13:15] [main/DEBUG] [FML/]: Not found coremod data in WAWLA-1.3.0-1.7.10.jar
[15:13:15] [main/INFO] [LaunchWrapper/]: Loading tweak class name cpw.mods.fml.common.launcher.FMLInjectionAndSortingTweaker
[15:13:15] [main/INFO] [LaunchWrapper/]: Loading tweak class name cpw.mods.fml.common.launcher.FMLDeobfTweaker
[15:13:15] [main/INFO] [LaunchWrapper/]: Calling tweak class cpw.mods.fml.common.launcher.FMLInjectionAndSortingTweaker
[15:13:15] [main/INFO] [LaunchWrapper/]: Calling tweak class cpw.mods.fml.common.launcher.FMLInjectionAndSortingTweaker
[15:13:15] [main/INFO] [LaunchWrapper/]: Calling tweak class cpw.mods.fml.relauncher.CoreModManager$FMLPluginWrapper
[15:13:15] [main/DEBUG] [FML/]: Injecting coremod AppleCore {squeek.applecore.AppleCore} class transformers
[15:13:15] [main/TRACE] [FML/]: Registering transformer squeek.applecore.asm.TransformerModuleHandler
[15:13:15] [main/DEBUG] [FML/]: Injection complete
[15:13:15] [main/DEBUG] [FML/]: Running coremod plugin for AppleCore {squeek.applecore.AppleCore}
[15:13:15] [main/DEBUG] [FML/]: Running coremod plugin AppleCore
[15:13:15] [main/DEBUG] [FML/]: Coremod plugin class AppleCore run successfully
[15:13:15] [main/INFO] [LaunchWrapper/]: Calling tweak class cpw.mods.fml.relauncher.CoreModManager$FMLPluginWrapper
[15:13:15] [main/DEBUG] [FML/]: Injecting coremod FMLCorePlugin {cpw.mods.fml.relauncher.FMLCorePlugin} class transformers
[15:13:15] [main/TRACE] [FML/]: Registering transformer cpw.mods.fml.common.asm.transformers.MarkerTransformer
[15:13:15] [main/TRACE] [FML/]: Registering transformer cpw.mods.fml.common.asm.transformers.SideTransformer
[15:13:15] [main/TRACE] [FML/]: Registering transformer cpw.mods.fml.common.asm.transformers.EventSubscriptionTransformer
[15:13:15] [main/DEBUG] [FML/]: Injection complete
[15:13:15] [main/DEBUG] [FML/]: Running coremod plugin for FMLCorePlugin {cpw.mods.fml.relauncher.FMLCorePlugin}
[15:13:15] [main/DEBUG] [FML/]: Running coremod plugin FMLCorePlugin
[15:13:16] [main/DEBUG] [FML/]: Read 522 binary patches
[15:13:17] [main/INFO] [FML/]: Found valid fingerprint for Minecraft Forge. Certificate fingerprint e3c3d50c7c986df74c645c0ac54639741c90a557
[15:13:17] [main/DEBUG] [FML/]: Coremod plugin class FMLCorePlugin run successfully
[15:13:17] [main/INFO] [LaunchWrapper/]: Calling tweak class cpw.mods.fml.relauncher.CoreModManager$FMLPluginWrapper
[15:13:17] [main/DEBUG] [FML/]: Injecting coremod FMLForgePlugin {net.minecraftforge.classloading.FMLForgePlugin} class transformers
[15:13:17] [main/TRACE] [FML/]: Registering transformer net.minecraftforge.classloading.FluidIdTransformer
[15:13:17] [main/DEBUG] [FML/]: Injection complete
[15:13:17] [main/DEBUG] [FML/]: Running coremod plugin for FMLForgePlugin {net.minecraftforge.classloading.FMLForgePlugin}
[15:13:17] [main/DEBUG] [FML/]: Running coremod plugin FMLForgePlugin
[15:13:17] [main/DEBUG] [FML/]: Coremod plugin class FMLForgePlugin run successfully
[15:13:17] [main/INFO] [LaunchWrapper/]: Calling tweak class cpw.mods.fml.relauncher.CoreModManager$FMLPluginWrapper
[15:13:17] [main/DEBUG] [FML/]: Injecting coremod CCCDeobfPlugin {codechicken.core.asm.MCPDeobfuscationTransformer$LoadPlugin} class transformers
[15:13:17] [main/DEBUG] [FML/]: Injection complete
[15:13:17] [main/DEBUG] [FML/]: Running coremod plugin for CCCDeobfPlugin {codechicken.core.asm.MCPDeobfuscationTransformer$LoadPlugin}
[15:13:17] [main/DEBUG] [FML/]: Running coremod plugin CCCDeobfPlugin
[15:13:17] [main/DEBUG] [FML/]: Coremod plugin class LoadPlugin run successfully
[15:13:17] [main/INFO] [LaunchWrapper/]: Calling tweak class cpw.mods.fml.relauncher.CoreModManager$FMLPluginWrapper
[15:13:17] [main/DEBUG] [FML/]: Injecting coremod AppEngCore {appeng.transformer.AppEngCore} class transformers
[15:13:17] [main/TRACE] [FML/]: Registering transformer appeng.transformer.asm.ASMIntegration
[15:13:17] [main/DEBUG] [FML/]: Injection complete
[15:13:17] [main/DEBUG] [FML/]: Running coremod plugin for AppEngCore {appeng.transformer.AppEngCore}
[15:13:17] [main/DEBUG] [FML/]: Running coremod plugin AppEngCore
[15:13:17] [main/DEBUG] [FML/]: Coremod plugin class AppEngCore run successfully
[15:13:17] [main/INFO] [LaunchWrapper/]: Calling tweak class cpw.mods.fml.relauncher.CoreModManager$FMLPluginWrapper
[15:13:17] [main/DEBUG] [FML/]: Injecting coremod CodeChickenCorePlugin {codechicken.core.launch.CodeChickenCorePlugin} class transformers
[15:13:17] [main/TRACE] [FML/]: Registering transformer codechicken.lib.asm.ClassHeirachyManager
[15:13:17] [main/TRACE] [FML/]: Registering transformer codechicken.core.asm.InterfaceDependancyTransformer
[15:13:17] [main/TRACE] [FML/]: Registering transformer codechicken.core.asm.TweakTransformer
[15:13:17] [main/TRACE] [FML/]: Registering transformer codechicken.core.asm.DelegatedTransformer
[15:13:17] [main/TRACE] [FML/]: Registering transformer codechicken.core.asm.DefaultImplementationTransformer
[15:13:17] [main/DEBUG] [FML/]: Injection complete
[15:13:17] [main/DEBUG] [FML/]: Running coremod plugin for CodeChickenCorePlugin {codechicken.core.launch.CodeChickenCorePlugin}
[15:13:17] [main/DEBUG] [FML/]: Running coremod plugin CodeChickenCorePlugin
[15:13:17] [main/DEBUG] [FML/]: Coremod plugin class CodeChickenCorePlugin run successfully
[15:13:17] [main/INFO] [LaunchWrapper/]: Calling tweak class cpw.mods.fml.relauncher.CoreModManager$FMLPluginWrapper
[15:13:17] [main/DEBUG] [FML/]: Injecting coremod LoadingPlugin {fastcraft.LoadingPlugin} class transformers
[15:13:17] [main/TRACE] [FML/]: Registering transformer fastcraft.asm.FastCraftTransformer
[15:13:17] [main/DEBUG] [FastCraft-core/]: ColoredLights was not detected.
[15:13:17] [main/DEBUG] [FastCraft-core/]: ShadersMod was not detected.
[15:13:17] [main/DEBUG] [FastCraft-core/]: Optifine was not detected.
[15:13:17] [main/DEBUG] [FML/]: Injection complete
[15:13:17] [main/DEBUG] [FML/]: Running coremod plugin for LoadingPlugin {fastcraft.LoadingPlugin}
[15:13:17] [main/DEBUG] [FML/]: Running coremod plugin LoadingPlugin
[15:13:17] [main/DEBUG] [FML/]: Coremod plugin class LoadingPlugin run successfully
[15:13:17] [main/INFO] [LaunchWrapper/]: Calling tweak class cpw.mods.fml.relauncher.CoreModManager$FMLPluginWrapper
[15:13:17] [main/DEBUG] [FML/]: Injecting coremod DepLoader {codechicken.core.launch.DepLoader} class transformers
[15:13:17] [main/DEBUG] [FML/]: Injection complete
[15:13:17] [main/DEBUG] [FML/]: Running coremod plugin for DepLoader {codechicken.core.launch.DepLoader}
[15:13:17] [main/DEBUG] [FML/]: Running coremod plugin DepLoader
[15:13:17] [main/DEBUG] [FML/]: Coremod plugin class DepLoader run successfully
[15:13:17] [main/INFO] [LaunchWrapper/]: Calling tweak class cpw.mods.fml.relauncher.CoreModManager$FMLPluginWrapper
[15:13:17] [main/DEBUG] [FML/]: Injecting coremod INpurePreLoader {info.inpureprojects.core.Preloader.INpurePreLoader} class transformers
[15:13:17] [main/DEBUG] [FML/]: Injection complete
[15:13:17] [main/DEBUG] [FML/]: Running coremod plugin for INpurePreLoader {info.inpureprojects.core.Preloader.INpurePreLoader}
[15:13:17] [main/DEBUG] [FML/]: Running coremod plugin INpurePreLoader
[15:13:17] [main/INFO] [INpurePreloader/]: Attempting to detect JVM version...
[15:13:17] [main/INFO] [INpurePreloader/]: Detected JVM: 1.7
[15:13:17] [main/INFO] [INpurePreloader/]: Starting library configuration...
